<?xml version="1.0" encoding="UTF-8"?>
<!-- Generated by org.testng.reporters.JUnitReportReporter -->
<testsuite skipped="0" hostname="liana-pc" name="Test.ScratchAndWinTest.ScratchAndWinPageTest" tests="3" failures="0" timestamp="06 May 2017 15:57:06 GMT" time="186.234" errors="0">
  <testcase name="createScratchAndWin" time="86.767" classname="Test.ScratchAndWinTest.ScratchAndWinPageTest"/>
  <testcase name="validatePriceFieldIsNotEmpty" time="84.028" classname="Test.ScratchAndWinTest.ScratchAndWinPageTest"/>
  <testcase name="validateImageFieldIsNotEmpty" time="15.439" classname="Test.ScratchAndWinTest.ScratchAndWinPageTest"/>
</testsuite> <!-- Test.ScratchAndWinTest.ScratchAndWinPageTest -->
