<?xml version="1.0" encoding="UTF-8"?>
<!-- Generated by org.testng.reporters.JUnitReportReporter -->
<testsuite skipped="0" hostname="liana-pc" name="Test.CategoriesTest.CategoriesPageTest" tests="6" failures="0" timestamp="06 May 2017 15:57:06 GMT" time="80.814" errors="0">
  <testcase name="validateAddWorks" time="18.699" classname="Test.CategoriesTest.CategoriesPageTest"/>
  <testcase name="validateRightEditPageOpened" time="11.432" classname="Test.CategoriesTest.CategoriesPageTest"/>
  <testcase name="validateOpenWorks" time="10.703" classname="Test.CategoriesTest.CategoriesPageTest"/>
  <testcase name="validateSearchWorks" time="8.731" classname="Test.CategoriesTest.CategoriesPageTest"/>
  <testcase name="validateEditWorks" time="18.910" classname="Test.CategoriesTest.CategoriesPageTest"/>
  <testcase name="validateDeleteWorks" time="12.339" classname="Test.CategoriesTest.CategoriesPageTest"/>
</testsuite> <!-- Test.CategoriesTest.CategoriesPageTest -->
