<?xml version="1.0" encoding="UTF-8"?>
<!-- Generated by org.testng.reporters.JUnitReportReporter -->
<testsuite skipped="0" hostname="liana-pc" name="Test.JoinUs.JoinUsTest" tests="7" failures="0" timestamp="06 May 2017 15:57:06 GMT" time="116.494" errors="0">
  <testcase name="validateAddWorks" time="38.106" classname="Test.JoinUs.JoinUsTest"/>
  <testcase name="validateEditWorks" time="18.998" classname="Test.JoinUs.JoinUsTest"/>
  <testcase name="validateRightEditPageOpened" time="12.772" classname="Test.JoinUs.JoinUsTest"/>
  <testcase name="validateRightTitle" time="7.658" classname="Test.JoinUs.JoinUsTest"/>
  <testcase name="validateSearchWorks" time="9.754" classname="Test.JoinUs.JoinUsTest"/>
  <testcase name="validateOpenWorks" time="12.366" classname="Test.JoinUs.JoinUsTest"/>
  <testcase name="validateDeleteWorks" time="16.840" classname="Test.JoinUs.JoinUsTest"/>
</testsuite> <!-- Test.JoinUs.JoinUsTest -->
