<?xml version="1.0" encoding="UTF-8"?>
<!-- Generated by org.testng.reporters.JUnitReportReporter -->
<testsuite skipped="0" hostname="liana-pc" name="Test.SubCategoriesTest.SubCategoryPageTest" tests="4" failures="0" timestamp="06 May 2017 15:57:06 GMT" time="88.114" errors="0">
  <testcase name="addSubCategory" time="41.521" classname="Test.SubCategoriesTest.SubCategoryPageTest"/>
  <testcase name="editSubCategory" time="19.720" classname="Test.SubCategoriesTest.SubCategoryPageTest"/>
  <testcase name="validateRightEditSubCategoryPage" time="14.970" classname="Test.SubCategoriesTest.SubCategoryPageTest"/>
  <testcase name="deleteSubCategory" time="11.903" classname="Test.SubCategoriesTest.SubCategoryPageTest"/>
</testsuite> <!-- Test.SubCategoriesTest.SubCategoryPageTest -->
