<?xml version="1.0" encoding="UTF-8"?>
<!-- Generated by org.testng.reporters.JUnitReportReporter -->
<testsuite skipped="0" hostname="liana-pc" name="Test.LoginTest.LoginPageTest" tests="5" failures="0" timestamp="06 May 2017 16:06:56 GMT" time="34.549" errors="0">
  <testcase name="validateFieldCheckIsDone" time="9.937" classname="Test.LoginTest.LoginPageTest"/>
  <testcase name="validateFieldCheckIsDone" time="5.829" classname="Test.LoginTest.LoginPageTest"/>
  <testcase name="validateFieldCheckIsDone" time="6.097" classname="Test.LoginTest.LoginPageTest"/>
  <testcase name="validateFieldCheckIsDone" time="5.898" classname="Test.LoginTest.LoginPageTest"/>
  <testcase name="validateLoginWorks" time="6.788" classname="Test.LoginTest.LoginPageTest"/>
</testsuite> <!-- Test.LoginTest.LoginPageTest -->
