<?xml version="1.0" encoding="UTF-8"?>
<!-- Generated by org.testng.reporters.JUnitReportReporter -->
<testsuite skipped="0" hostname="liana-pc" name="Test.FirstPage.FirstPageTest" tests="2" failures="0" timestamp="06 May 2017 15:57:06 GMT" time="10.743" errors="0">
  <testcase name="validateCorrectPage" time="4.785" classname="Test.FirstPage.FirstPageTest"/>
  <testcase name="checkTitle" time="5.958" classname="Test.FirstPage.FirstPageTest"/>
</testsuite> <!-- Test.FirstPage.FirstPageTest -->
