<?xml version="1.0" encoding="UTF-8"?>
<!-- Generated by org.testng.reporters.JUnitReportReporter -->
<testsuite skipped="0" hostname="liana-pc" name="Test.HomePage.HomePageTest" tests="5" failures="0" timestamp="06 May 2017 15:57:06 GMT" time="37.124" errors="0">
  <testcase name="validateLogoutWorks" time="7.430" classname="Test.HomePage.HomePageTest"/>
  <testcase name="openJoinUsPage" time="8.313" classname="Test.HomePage.HomePageTest"/>
  <testcase name="openScratchAndWinPage" time="6.503" classname="Test.HomePage.HomePageTest"/>
  <testcase name="openHBBusinessPage" time="7.545" classname="Test.HomePage.HomePageTest"/>
  <testcase name="openCategoryPage" time="7.333" classname="Test.HomePage.HomePageTest"/>
</testsuite> <!-- Test.HomePage.HomePageTest -->
