<?xml version="1.0" encoding="UTF-8"?>
<!-- Generated by org.testng.reporters.JUnitReportReporter -->
<testsuite skipped="0" hostname="liana-pc" name="Test.CharitiesTest.CharitiesPageTest" tests="7" failures="0" timestamp="06 May 2017 15:57:06 GMT" time="92.790" errors="0">
  <testcase name="validateCreateWorks" time="21.035" classname="Test.CharitiesTest.CharitiesPageTest"/>
  <testcase name="validateSearchWorks" time="8.379" classname="Test.CharitiesTest.CharitiesPageTest"/>
  <testcase name="validateOpenWorks" time="11.531" classname="Test.CharitiesTest.CharitiesPageTest"/>
  <testcase name="validateEditWorks" time="18.610" classname="Test.CharitiesTest.CharitiesPageTest"/>
  <testcase name="validateRightEditPageOpened" time="12.516" classname="Test.CharitiesTest.CharitiesPageTest"/>
  <testcase name="validateRightTitle" time="7.380" classname="Test.CharitiesTest.CharitiesPageTest"/>
  <testcase name="validateDeleteWorks" time="13.339" classname="Test.CharitiesTest.CharitiesPageTest"/>
</testsuite> <!-- Test.CharitiesTest.CharitiesPageTest -->
