<?xml version="1.0" encoding="UTF-8"?>
<!-- Generated by org.testng.reporters.JUnitReportReporter -->
<testsuite skipped="0" hostname="liana-pc" name="Test.HBBusinessTest.HBBusinessPageTest" tests="8" failures="0" timestamp="06 May 2017 15:57:06 GMT" time="102.880" errors="0">
  <testcase name="validateCreateWorks" time="15.749" classname="Test.HBBusinessTest.HBBusinessPageTest"/>
  <testcase name="validateSearchWorks" time="8.569" classname="Test.HBBusinessTest.HBBusinessPageTest"/>
  <testcase name="validateNameFieldIsNotEmpty" time="9.693" classname="Test.HBBusinessTest.HBBusinessPageTest"/>
  <testcase name="validateOpenWorks" time="12.485" classname="Test.HBBusinessTest.HBBusinessPageTest"/>
  <testcase name="validateImageFieldIsNotEmpty" time="13.090" classname="Test.HBBusinessTest.HBBusinessPageTest"/>
  <testcase name="validateEditWorks" time="18.201" classname="Test.HBBusinessTest.HBBusinessPageTest"/>
  <testcase name="validateRightEditPageOpened" time="12.105" classname="Test.HBBusinessTest.HBBusinessPageTest"/>
  <testcase name="validateDeleteWorks" time="12.988" classname="Test.HBBusinessTest.HBBusinessPageTest"/>
</testsuite> <!-- Test.HBBusinessTest.HBBusinessPageTest -->
